The system is: Linux - 4.19.90-89.11.v2401.ky10.aarch64 - aarch64
Compiling the C compiler identification source file "CMakeCCompilerId.c" succeeded.
Compiler: /usr/bin/cc 
Build flags: 
Id flags:  

The output was:
0


Compilation of the C compiler identification source "CMakeCCompilerId.c" produced "a.out"

The C compiler identification is GNU, found in "/opt/HQ/test_project/SigmoidCustom/SigmoidCustom/build_out/CMakeFiles/3.16.5/CompilerIdC/a.out"

Compiling the CXX compiler identification source file "CMakeCXXCompilerId.cpp" succeeded.
Compiler: /usr/bin/c++ 
Build flags: 
Id flags:  

The output was:
0


Compilation of the CXX compiler identification source "CMakeCXXCompilerId.cpp" produced "a.out"

The CXX compiler identification is GNU, found in "/opt/HQ/test_project/SigmoidCustom/SigmoidCustom/build_out/CMakeFiles/3.16.5/CompilerIdCXX/a.out"

Determining if the C compiler works passed with the following output:
Change Dir: /opt/HQ/test_project/SigmoidCustom/SigmoidCustom/build_out/CMakeFiles/CMakeTmp

Run Build Command(s):/usr/bin/gmake cmTC_e0ddd/fast && /usr/bin/gmake -f CMakeFiles/cmTC_e0ddd.dir/build.make CMakeFiles/cmTC_e0ddd.dir/build
gmake[1]: 进入目录“/opt/HQ/test_project/SigmoidCustom/SigmoidCustom/build_out/CMakeFiles/CMakeTmp”
Building C object CMakeFiles/cmTC_e0ddd.dir/testCCompiler.c.o
/usr/bin/cc    -o CMakeFiles/cmTC_e0ddd.dir/testCCompiler.c.o   -c /opt/HQ/test_project/SigmoidCustom/SigmoidCustom/build_out/CMakeFiles/CMakeTmp/testCCompiler.c
Linking C executable cmTC_e0ddd
/usr/bin/cmake -E cmake_link_script CMakeFiles/cmTC_e0ddd.dir/link.txt --verbose=1
/usr/bin/cc      CMakeFiles/cmTC_e0ddd.dir/testCCompiler.c.o  -o cmTC_e0ddd 
gmake[1]: 离开目录“/opt/HQ/test_project/SigmoidCustom/SigmoidCustom/build_out/CMakeFiles/CMakeTmp”



Detecting C compiler ABI info compiled with the following output:
Change Dir: /opt/HQ/test_project/SigmoidCustom/SigmoidCustom/build_out/CMakeFiles/CMakeTmp

Run Build Command(s):/usr/bin/gmake cmTC_6baaf/fast && /usr/bin/gmake -f CMakeFiles/cmTC_6baaf.dir/build.make CMakeFiles/cmTC_6baaf.dir/build
gmake[1]: Entering directory '/opt/HQ/test_project/SigmoidCustom/SigmoidCustom/build_out/CMakeFiles/CMakeTmp'
Building C object CMakeFiles/cmTC_6baaf.dir/CMakeCCompilerABI.c.o
/usr/bin/cc   -v -o CMakeFiles/cmTC_6baaf.dir/CMakeCCompilerABI.c.o   -c /usr/share/cmake/Modules/CMakeCCompilerABI.c
Using built-in specs.
COLLECT_GCC=/usr/bin/cc
Target: aarch64-linux-gnu
Configured with: ../configure --prefix=/usr --mandir=/usr/share/man --infodir=/usr/share/info --enable-shared --enable-threads=posix --enable-checking=release --with-system-zlib --enable-__cxa_atexit --disable-libunwind-exceptions --enable-gnu-unique-object --enable-linker-build-id --with-linker-hash-style=gnu --enable-languages=c,c++,objc,obj-c++,fortran,lto --enable-plugin --enable-initfini-array --disable-libgcj --with-isl=/builddir/build/BUILD/gcc-7.3.0/obj-aarch64-linux-gnu/isl-install --without-cloog --enable-gnu-indirect-function --build=aarch64-linux-gnu --with-stage1-ldflags=' -Wl,-z,relro,-z,now' --with-boot-ldflags=' -Wl,-z,relro,-z,now' --enable-bolt --with-multilib-list=lp64
Thread model: posix
gcc version 7.3.0 (GCC) 
COLLECT_GCC_OPTIONS='-v' '-o' 'CMakeFiles/cmTC_6baaf.dir/CMakeCCompilerABI.c.o' '-c' '-mlittle-endian' '-mabi=lp64'
 /usr/libexec/gcc/aarch64-linux-gnu/7.3.0/cc1 -quiet -v /usr/share/cmake/Modules/CMakeCCompilerABI.c -quiet -dumpbase CMakeCCompilerABI.c -mlittle-endian -mabi=lp64 -auxbase-strip CMakeFiles/cmTC_6baaf.dir/CMakeCCompilerABI.c.o -version -o /tmp/cceAzVxS.s
GNU C11 (GCC) version 7.3.0 (aarch64-linux-gnu)
	compiled by GNU C version 7.3.0, GMP version 6.2.0, MPFR version 4.1.0, MPC version 1.2.0, isl version isl-0.16.1-GMP

GGC heuristics: --param ggc-min-expand=100 --param ggc-min-heapsize=131072
ignoring nonexistent directory "/usr/lib/gcc/aarch64-linux-gnu/7.3.0/include-fixed"
ignoring nonexistent directory "/usr/lib/gcc/aarch64-linux-gnu/7.3.0/../../../../aarch64-linux-gnu/include"
#include "..." search starts here:
#include <...> search starts here:
 /usr/lib/gcc/aarch64-linux-gnu/7.3.0/include
 /usr/local/include
 /usr/include
End of search list.
GNU C11 (GCC) version 7.3.0 (aarch64-linux-gnu)
	compiled by GNU C version 7.3.0, GMP version 6.2.0, MPFR version 4.1.0, MPC version 1.2.0, isl version isl-0.16.1-GMP

GGC heuristics: --param ggc-min-expand=100 --param ggc-min-heapsize=131072
Compiler executable checksum: 5a1112eae7c8be3c65996bbdc0036bb8
COLLECT_GCC_OPTIONS='-v' '-o' 'CMakeFiles/cmTC_6baaf.dir/CMakeCCompilerABI.c.o' '-c' '-mlittle-endian' '-mabi=lp64'
 as -v -EL -mabi=lp64 -o CMakeFiles/cmTC_6baaf.dir/CMakeCCompilerABI.c.o /tmp/cceAzVxS.s
GNU assembler version 2.34 (aarch64-kylin-linux) using BFD version (GNU Binutils) 2.34
COMPILER_PATH=/usr/libexec/gcc/aarch64-linux-gnu/7.3.0/:/usr/libexec/gcc/aarch64-linux-gnu/7.3.0/:/usr/libexec/gcc/aarch64-linux-gnu/:/usr/lib/gcc/aarch64-linux-gnu/7.3.0/:/usr/lib/gcc/aarch64-linux-gnu/
LIBRARY_PATH=/usr/lib/gcc/aarch64-linux-gnu/7.3.0/:/usr/lib/gcc/aarch64-linux-gnu/7.3.0/../../../../lib64/:/lib/../lib64/:/usr/lib/../lib64/:/usr/lib/gcc/aarch64-linux-gnu/7.3.0/../../../:/lib/:/usr/lib/
COLLECT_GCC_OPTIONS='-v' '-o' 'CMakeFiles/cmTC_6baaf.dir/CMakeCCompilerABI.c.o' '-c' '-mlittle-endian' '-mabi=lp64'
Linking C executable cmTC_6baaf
/usr/bin/cmake -E cmake_link_script CMakeFiles/cmTC_6baaf.dir/link.txt --verbose=1
/usr/bin/cc     -v CMakeFiles/cmTC_6baaf.dir/CMakeCCompilerABI.c.o  -o cmTC_6baaf 
Using built-in specs.
COLLECT_GCC=/usr/bin/cc
COLLECT_LTO_WRAPPER=/usr/libexec/gcc/aarch64-linux-gnu/7.3.0/lto-wrapper
Target: aarch64-linux-gnu
Configured with: ../configure --prefix=/usr --mandir=/usr/share/man --infodir=/usr/share/info --enable-shared --enable-threads=posix --enable-checking=release --with-system-zlib --enable-__cxa_atexit --disable-libunwind-exceptions --enable-gnu-unique-object --enable-linker-build-id --with-linker-hash-style=gnu --enable-languages=c,c++,objc,obj-c++,fortran,lto --enable-plugin --enable-initfini-array --disable-libgcj --with-isl=/builddir/build/BUILD/gcc-7.3.0/obj-aarch64-linux-gnu/isl-install --without-cloog --enable-gnu-indirect-function --build=aarch64-linux-gnu --with-stage1-ldflags=' -Wl,-z,relro,-z,now' --with-boot-ldflags=' -Wl,-z,relro,-z,now' --enable-bolt --with-multilib-list=lp64
Thread model: posix
gcc version 7.3.0 (GCC) 
COMPILER_PATH=/usr/libexec/gcc/aarch64-linux-gnu/7.3.0/:/usr/libexec/gcc/aarch64-linux-gnu/7.3.0/:/usr/libexec/gcc/aarch64-linux-gnu/:/usr/lib/gcc/aarch64-linux-gnu/7.3.0/:/usr/lib/gcc/aarch64-linux-gnu/
LIBRARY_PATH=/usr/lib/gcc/aarch64-linux-gnu/7.3.0/:/usr/lib/gcc/aarch64-linux-gnu/7.3.0/../../../../lib64/:/lib/../lib64/:/usr/lib/../lib64/:/usr/lib/gcc/aarch64-linux-gnu/7.3.0/../../../:/lib/:/usr/lib/
COLLECT_GCC_OPTIONS='-v' '-o' 'cmTC_6baaf' '-mlittle-endian' '-mabi=lp64'
 /usr/libexec/gcc/aarch64-linux-gnu/7.3.0/collect2 -plugin /usr/libexec/gcc/aarch64-linux-gnu/7.3.0/liblto_plugin.so -plugin-opt=/usr/libexec/gcc/aarch64-linux-gnu/7.3.0/lto-wrapper -plugin-opt=-fresolution=/tmp/ccQyzpvW.res -plugin-opt=-pass-through=-lgcc -plugin-opt=-pass-through=-lgcc_s -plugin-opt=-pass-through=-lc -plugin-opt=-pass-through=-lgcc -plugin-opt=-pass-through=-lgcc_s --build-id --eh-frame-hdr --hash-style=gnu -dynamic-linker /lib/ld-linux-aarch64.so.1 -X -EL -maarch64linux -o cmTC_6baaf /usr/lib/gcc/aarch64-linux-gnu/7.3.0/../../../../lib64/crt1.o /usr/lib/gcc/aarch64-linux-gnu/7.3.0/../../../../lib64/crti.o /usr/lib/gcc/aarch64-linux-gnu/7.3.0/crtbegin.o -L/usr/lib/gcc/aarch64-linux-gnu/7.3.0 -L/usr/lib/gcc/aarch64-linux-gnu/7.3.0/../../../../lib64 -L/lib/../lib64 -L/usr/lib/../lib64 -L/usr/lib/gcc/aarch64-linux-gnu/7.3.0/../../.. CMakeFiles/cmTC_6baaf.dir/CMakeCCompilerABI.c.o -lgcc --as-needed -lgcc_s --no-as-needed -lc -lgcc --as-needed -lgcc_s --no-as-needed /usr/lib/gcc/aarch64-linux-gnu/7.3.0/crtend.o /usr/lib/gcc/aarch64-linux-gnu/7.3.0/../../../../lib64/crtn.o
COLLECT_GCC_OPTIONS='-v' '-o' 'cmTC_6baaf' '-mlittle-endian' '-mabi=lp64'
gmake[1]: Leaving directory '/opt/HQ/test_project/SigmoidCustom/SigmoidCustom/build_out/CMakeFiles/CMakeTmp'



Parsed C implicit include dir info from above output: rv=done
  found start of include info
  found start of implicit include info
    add: [/usr/lib/gcc/aarch64-linux-gnu/7.3.0/include]
    add: [/usr/local/include]
    add: [/usr/include]
  end of search list found
  collapse include dir [/usr/lib/gcc/aarch64-linux-gnu/7.3.0/include] ==> [/usr/lib/gcc/aarch64-linux-gnu/7.3.0/include]
  collapse include dir [/usr/local/include] ==> [/usr/local/include]
  collapse include dir [/usr/include] ==> [/usr/include]
  implicit include dirs: [/usr/lib/gcc/aarch64-linux-gnu/7.3.0/include;/usr/local/include;/usr/include]


Parsed C implicit link information from above output:
  link line regex: [^( *|.*[/\])(ld|CMAKE_LINK_STARTFILE-NOTFOUND|([^/\]+-)?ld|collect2)[^/\]*( |$)]
  ignore line: [Change Dir: /opt/HQ/test_project/SigmoidCustom/SigmoidCustom/build_out/CMakeFiles/CMakeTmp]
  ignore line: []
  ignore line: [Run Build Command(s):/usr/bin/gmake cmTC_6baaf/fast && /usr/bin/gmake -f CMakeFiles/cmTC_6baaf.dir/build.make CMakeFiles/cmTC_6baaf.dir/build]
  ignore line: [gmake[1]: Entering directory '/opt/HQ/test_project/SigmoidCustom/SigmoidCustom/build_out/CMakeFiles/CMakeTmp']
  ignore line: [Building C object CMakeFiles/cmTC_6baaf.dir/CMakeCCompilerABI.c.o]
  ignore line: [/usr/bin/cc   -v -o CMakeFiles/cmTC_6baaf.dir/CMakeCCompilerABI.c.o   -c /usr/share/cmake/Modules/CMakeCCompilerABI.c]
  ignore line: [Using built-in specs.]
  ignore line: [COLLECT_GCC=/usr/bin/cc]
  ignore line: [Target: aarch64-linux-gnu]
  ignore line: [Configured with: ../configure --prefix=/usr --mandir=/usr/share/man --infodir=/usr/share/info --enable-shared --enable-threads=posix --enable-checking=release --with-system-zlib --enable-__cxa_atexit --disable-libunwind-exceptions --enable-gnu-unique-object --enable-linker-build-id --with-linker-hash-style=gnu --enable-languages=c,c++,objc,obj-c++,fortran,lto --enable-plugin --enable-initfini-array --disable-libgcj --with-isl=/builddir/build/BUILD/gcc-7.3.0/obj-aarch64-linux-gnu/isl-install --without-cloog --enable-gnu-indirect-function --build=aarch64-linux-gnu --with-stage1-ldflags=' -Wl,-z,relro,-z,now' --with-boot-ldflags=' -Wl,-z,relro,-z,now' --enable-bolt --with-multilib-list=lp64]
  ignore line: [Thread model: posix]
  ignore line: [gcc version 7.3.0 (GCC) ]
  ignore line: [COLLECT_GCC_OPTIONS='-v' '-o' 'CMakeFiles/cmTC_6baaf.dir/CMakeCCompilerABI.c.o' '-c' '-mlittle-endian' '-mabi=lp64']
  ignore line: [ /usr/libexec/gcc/aarch64-linux-gnu/7.3.0/cc1 -quiet -v /usr/share/cmake/Modules/CMakeCCompilerABI.c -quiet -dumpbase CMakeCCompilerABI.c -mlittle-endian -mabi=lp64 -auxbase-strip CMakeFiles/cmTC_6baaf.dir/CMakeCCompilerABI.c.o -version -o /tmp/cceAzVxS.s]
  ignore line: [GNU C11 (GCC) version 7.3.0 (aarch64-linux-gnu)]
  ignore line: [	compiled by GNU C version 7.3.0  GMP version 6.2.0  MPFR version 4.1.0  MPC version 1.2.0  isl version isl-0.16.1-GMP]
  ignore line: []
  ignore line: [GGC heuristics: --param ggc-min-expand=100 --param ggc-min-heapsize=131072]
  ignore line: [ignoring nonexistent directory "/usr/lib/gcc/aarch64-linux-gnu/7.3.0/include-fixed"]
  ignore line: [ignoring nonexistent directory "/usr/lib/gcc/aarch64-linux-gnu/7.3.0/../../../../aarch64-linux-gnu/include"]
  ignore line: [#include "..." search starts here:]
  ignore line: [#include <...> search starts here:]
  ignore line: [ /usr/lib/gcc/aarch64-linux-gnu/7.3.0/include]
  ignore line: [ /usr/local/include]
  ignore line: [ /usr/include]
  ignore line: [End of search list.]
  ignore line: [GNU C11 (GCC) version 7.3.0 (aarch64-linux-gnu)]
  ignore line: [	compiled by GNU C version 7.3.0  GMP version 6.2.0  MPFR version 4.1.0  MPC version 1.2.0  isl version isl-0.16.1-GMP]
  ignore line: []
  ignore line: [GGC heuristics: --param ggc-min-expand=100 --param ggc-min-heapsize=131072]
  ignore line: [Compiler executable checksum: 5a1112eae7c8be3c65996bbdc0036bb8]
  ignore line: [COLLECT_GCC_OPTIONS='-v' '-o' 'CMakeFiles/cmTC_6baaf.dir/CMakeCCompilerABI.c.o' '-c' '-mlittle-endian' '-mabi=lp64']
  ignore line: [ as -v -EL -mabi=lp64 -o CMakeFiles/cmTC_6baaf.dir/CMakeCCompilerABI.c.o /tmp/cceAzVxS.s]
  ignore line: [GNU assembler version 2.34 (aarch64-kylin-linux) using BFD version (GNU Binutils) 2.34]
  ignore line: [COMPILER_PATH=/usr/libexec/gcc/aarch64-linux-gnu/7.3.0/:/usr/libexec/gcc/aarch64-linux-gnu/7.3.0/:/usr/libexec/gcc/aarch64-linux-gnu/:/usr/lib/gcc/aarch64-linux-gnu/7.3.0/:/usr/lib/gcc/aarch64-linux-gnu/]
  ignore line: [LIBRARY_PATH=/usr/lib/gcc/aarch64-linux-gnu/7.3.0/:/usr/lib/gcc/aarch64-linux-gnu/7.3.0/../../../../lib64/:/lib/../lib64/:/usr/lib/../lib64/:/usr/lib/gcc/aarch64-linux-gnu/7.3.0/../../../:/lib/:/usr/lib/]
  ignore line: [COLLECT_GCC_OPTIONS='-v' '-o' 'CMakeFiles/cmTC_6baaf.dir/CMakeCCompilerABI.c.o' '-c' '-mlittle-endian' '-mabi=lp64']
  ignore line: [Linking C executable cmTC_6baaf]
  ignore line: [/usr/bin/cmake -E cmake_link_script CMakeFiles/cmTC_6baaf.dir/link.txt --verbose=1]
  ignore line: [/usr/bin/cc     -v CMakeFiles/cmTC_6baaf.dir/CMakeCCompilerABI.c.o  -o cmTC_6baaf ]
  ignore line: [Using built-in specs.]
  ignore line: [COLLECT_GCC=/usr/bin/cc]
  ignore line: [COLLECT_LTO_WRAPPER=/usr/libexec/gcc/aarch64-linux-gnu/7.3.0/lto-wrapper]
  ignore line: [Target: aarch64-linux-gnu]
  ignore line: [Configured with: ../configure --prefix=/usr --mandir=/usr/share/man --infodir=/usr/share/info --enable-shared --enable-threads=posix --enable-checking=release --with-system-zlib --enable-__cxa_atexit --disable-libunwind-exceptions --enable-gnu-unique-object --enable-linker-build-id --with-linker-hash-style=gnu --enable-languages=c,c++,objc,obj-c++,fortran,lto --enable-plugin --enable-initfini-array --disable-libgcj --with-isl=/builddir/build/BUILD/gcc-7.3.0/obj-aarch64-linux-gnu/isl-install --without-cloog --enable-gnu-indirect-function --build=aarch64-linux-gnu --with-stage1-ldflags=' -Wl,-z,relro,-z,now' --with-boot-ldflags=' -Wl,-z,relro,-z,now' --enable-bolt --with-multilib-list=lp64]
  ignore line: [Thread model: posix]
  ignore line: [gcc version 7.3.0 (GCC) ]
  ignore line: [COMPILER_PATH=/usr/libexec/gcc/aarch64-linux-gnu/7.3.0/:/usr/libexec/gcc/aarch64-linux-gnu/7.3.0/:/usr/libexec/gcc/aarch64-linux-gnu/:/usr/lib/gcc/aarch64-linux-gnu/7.3.0/:/usr/lib/gcc/aarch64-linux-gnu/]
  ignore line: [LIBRARY_PATH=/usr/lib/gcc/aarch64-linux-gnu/7.3.0/:/usr/lib/gcc/aarch64-linux-gnu/7.3.0/../../../../lib64/:/lib/../lib64/:/usr/lib/../lib64/:/usr/lib/gcc/aarch64-linux-gnu/7.3.0/../../../:/lib/:/usr/lib/]
  ignore line: [COLLECT_GCC_OPTIONS='-v' '-o' 'cmTC_6baaf' '-mlittle-endian' '-mabi=lp64']
  link line: [ /usr/libexec/gcc/aarch64-linux-gnu/7.3.0/collect2 -plugin /usr/libexec/gcc/aarch64-linux-gnu/7.3.0/liblto_plugin.so -plugin-opt=/usr/libexec/gcc/aarch64-linux-gnu/7.3.0/lto-wrapper -plugin-opt=-fresolution=/tmp/ccQyzpvW.res -plugin-opt=-pass-through=-lgcc -plugin-opt=-pass-through=-lgcc_s -plugin-opt=-pass-through=-lc -plugin-opt=-pass-through=-lgcc -plugin-opt=-pass-through=-lgcc_s --build-id --eh-frame-hdr --hash-style=gnu -dynamic-linker /lib/ld-linux-aarch64.so.1 -X -EL -maarch64linux -o cmTC_6baaf /usr/lib/gcc/aarch64-linux-gnu/7.3.0/../../../../lib64/crt1.o /usr/lib/gcc/aarch64-linux-gnu/7.3.0/../../../../lib64/crti.o /usr/lib/gcc/aarch64-linux-gnu/7.3.0/crtbegin.o -L/usr/lib/gcc/aarch64-linux-gnu/7.3.0 -L/usr/lib/gcc/aarch64-linux-gnu/7.3.0/../../../../lib64 -L/lib/../lib64 -L/usr/lib/../lib64 -L/usr/lib/gcc/aarch64-linux-gnu/7.3.0/../../.. CMakeFiles/cmTC_6baaf.dir/CMakeCCompilerABI.c.o -lgcc --as-needed -lgcc_s --no-as-needed -lc -lgcc --as-needed -lgcc_s --no-as-needed /usr/lib/gcc/aarch64-linux-gnu/7.3.0/crtend.o /usr/lib/gcc/aarch64-linux-gnu/7.3.0/../../../../lib64/crtn.o]
    arg [/usr/libexec/gcc/aarch64-linux-gnu/7.3.0/collect2] ==> ignore
    arg [-plugin] ==> ignore
    arg [/usr/libexec/gcc/aarch64-linux-gnu/7.3.0/liblto_plugin.so] ==> ignore
    arg [-plugin-opt=/usr/libexec/gcc/aarch64-linux-gnu/7.3.0/lto-wrapper] ==> ignore
    arg [-plugin-opt=-fresolution=/tmp/ccQyzpvW.res] ==> ignore
    arg [-plugin-opt=-pass-through=-lgcc] ==> ignore
    arg [-plugin-opt=-pass-through=-lgcc_s] ==> ignore
    arg [-plugin-opt=-pass-through=-lc] ==> ignore
    arg [-plugin-opt=-pass-through=-lgcc] ==> ignore
    arg [-plugin-opt=-pass-through=-lgcc_s] ==> ignore
    arg [--build-id] ==> ignore
    arg [--eh-frame-hdr] ==> ignore
    arg [--hash-style=gnu] ==> ignore
    arg [-dynamic-linker] ==> ignore
    arg [/lib/ld-linux-aarch64.so.1] ==> ignore
    arg [-X] ==> ignore
    arg [-EL] ==> ignore
    arg [-maarch64linux] ==> ignore
    arg [-o] ==> ignore
    arg [cmTC_6baaf] ==> ignore
    arg [/usr/lib/gcc/aarch64-linux-gnu/7.3.0/../../../../lib64/crt1.o] ==> ignore
    arg [/usr/lib/gcc/aarch64-linux-gnu/7.3.0/../../../../lib64/crti.o] ==> ignore
    arg [/usr/lib/gcc/aarch64-linux-gnu/7.3.0/crtbegin.o] ==> ignore
    arg [-L/usr/lib/gcc/aarch64-linux-gnu/7.3.0] ==> dir [/usr/lib/gcc/aarch64-linux-gnu/7.3.0]
    arg [-L/usr/lib/gcc/aarch64-linux-gnu/7.3.0/../../../../lib64] ==> dir [/usr/lib/gcc/aarch64-linux-gnu/7.3.0/../../../../lib64]
    arg [-L/lib/../lib64] ==> dir [/lib/../lib64]
    arg [-L/usr/lib/../lib64] ==> dir [/usr/lib/../lib64]
    arg [-L/usr/lib/gcc/aarch64-linux-gnu/7.3.0/../../..] ==> dir [/usr/lib/gcc/aarch64-linux-gnu/7.3.0/../../..]
    arg [CMakeFiles/cmTC_6baaf.dir/CMakeCCompilerABI.c.o] ==> ignore
    arg [-lgcc] ==> lib [gcc]
    arg [--as-needed] ==> ignore
    arg [-lgcc_s] ==> lib [gcc_s]
    arg [--no-as-needed] ==> ignore
    arg [-lc] ==> lib [c]
    arg [-lgcc] ==> lib [gcc]
    arg [--as-needed] ==> ignore
    arg [-lgcc_s] ==> lib [gcc_s]
    arg [--no-as-needed] ==> ignore
    arg [/usr/lib/gcc/aarch64-linux-gnu/7.3.0/crtend.o] ==> ignore
    arg [/usr/lib/gcc/aarch64-linux-gnu/7.3.0/../../../../lib64/crtn.o] ==> ignore
  collapse library dir [/usr/lib/gcc/aarch64-linux-gnu/7.3.0] ==> [/usr/lib/gcc/aarch64-linux-gnu/7.3.0]
  collapse library dir [/usr/lib/gcc/aarch64-linux-gnu/7.3.0/../../../../lib64] ==> [/usr/lib64]
  collapse library dir [/lib/../lib64] ==> [/lib64]
  collapse library dir [/usr/lib/../lib64] ==> [/usr/lib64]
  collapse library dir [/usr/lib/gcc/aarch64-linux-gnu/7.3.0/../../..] ==> [/usr/lib]
  implicit libs: [gcc;gcc_s;c;gcc;gcc_s]
  implicit dirs: [/usr/lib/gcc/aarch64-linux-gnu/7.3.0;/usr/lib64;/lib64;/usr/lib]
  implicit fwks: []


Determining if the CXX compiler works passed with the following output:
Change Dir: /opt/HQ/test_project/SigmoidCustom/SigmoidCustom/build_out/CMakeFiles/CMakeTmp

Run Build Command(s):/usr/bin/gmake cmTC_ef439/fast && /usr/bin/gmake -f CMakeFiles/cmTC_ef439.dir/build.make CMakeFiles/cmTC_ef439.dir/build
gmake[1]: 进入目录“/opt/HQ/test_project/SigmoidCustom/SigmoidCustom/build_out/CMakeFiles/CMakeTmp”
Building CXX object CMakeFiles/cmTC_ef439.dir/testCXXCompiler.cxx.o
/usr/bin/c++     -o CMakeFiles/cmTC_ef439.dir/testCXXCompiler.cxx.o -c /opt/HQ/test_project/SigmoidCustom/SigmoidCustom/build_out/CMakeFiles/CMakeTmp/testCXXCompiler.cxx
Linking CXX executable cmTC_ef439
/usr/bin/cmake -E cmake_link_script CMakeFiles/cmTC_ef439.dir/link.txt --verbose=1
/usr/bin/c++       CMakeFiles/cmTC_ef439.dir/testCXXCompiler.cxx.o  -o cmTC_ef439 
gmake[1]: 离开目录“/opt/HQ/test_project/SigmoidCustom/SigmoidCustom/build_out/CMakeFiles/CMakeTmp”



Detecting CXX compiler ABI info compiled with the following output:
Change Dir: /opt/HQ/test_project/SigmoidCustom/SigmoidCustom/build_out/CMakeFiles/CMakeTmp

Run Build Command(s):/usr/bin/gmake cmTC_5dd26/fast && /usr/bin/gmake -f CMakeFiles/cmTC_5dd26.dir/build.make CMakeFiles/cmTC_5dd26.dir/build
gmake[1]: Entering directory '/opt/HQ/test_project/SigmoidCustom/SigmoidCustom/build_out/CMakeFiles/CMakeTmp'
Building CXX object CMakeFiles/cmTC_5dd26.dir/CMakeCXXCompilerABI.cpp.o
/usr/bin/c++    -v -o CMakeFiles/cmTC_5dd26.dir/CMakeCXXCompilerABI.cpp.o -c /usr/share/cmake/Modules/CMakeCXXCompilerABI.cpp
Using built-in specs.
COLLECT_GCC=/usr/bin/c++
Target: aarch64-linux-gnu
Configured with: ../configure --prefix=/usr --mandir=/usr/share/man --infodir=/usr/share/info --enable-shared --enable-threads=posix --enable-checking=release --with-system-zlib --enable-__cxa_atexit --disable-libunwind-exceptions --enable-gnu-unique-object --enable-linker-build-id --with-linker-hash-style=gnu --enable-languages=c,c++,objc,obj-c++,fortran,lto --enable-plugin --enable-initfini-array --disable-libgcj --with-isl=/builddir/build/BUILD/gcc-7.3.0/obj-aarch64-linux-gnu/isl-install --without-cloog --enable-gnu-indirect-function --build=aarch64-linux-gnu --with-stage1-ldflags=' -Wl,-z,relro,-z,now' --with-boot-ldflags=' -Wl,-z,relro,-z,now' --enable-bolt --with-multilib-list=lp64
Thread model: posix
gcc version 7.3.0 (GCC) 
COLLECT_GCC_OPTIONS='-v' '-o' 'CMakeFiles/cmTC_5dd26.dir/CMakeCXXCompilerABI.cpp.o' '-c' '-shared-libgcc' '-mlittle-endian' '-mabi=lp64'
 /usr/libexec/gcc/aarch64-linux-gnu/7.3.0/cc1plus -quiet -v -D_GNU_SOURCE /usr/share/cmake/Modules/CMakeCXXCompilerABI.cpp -quiet -dumpbase CMakeCXXCompilerABI.cpp -mlittle-endian -mabi=lp64 -auxbase-strip CMakeFiles/cmTC_5dd26.dir/CMakeCXXCompilerABI.cpp.o -version -o /tmp/ccK00Ndg.s
GNU C++14 (GCC) version 7.3.0 (aarch64-linux-gnu)
	compiled by GNU C version 7.3.0, GMP version 6.2.0, MPFR version 4.1.0, MPC version 1.2.0, isl version isl-0.16.1-GMP

GGC heuristics: --param ggc-min-expand=100 --param ggc-min-heapsize=131072
ignoring nonexistent directory "/usr/lib/gcc/aarch64-linux-gnu/7.3.0/include-fixed"
ignoring nonexistent directory "/usr/lib/gcc/aarch64-linux-gnu/7.3.0/../../../../aarch64-linux-gnu/include"
#include "..." search starts here:
#include <...> search starts here:
 /usr/lib/gcc/aarch64-linux-gnu/7.3.0/../../../../include/c++/7.3.0
 /usr/lib/gcc/aarch64-linux-gnu/7.3.0/../../../../include/c++/7.3.0/aarch64-linux-gnu
 /usr/lib/gcc/aarch64-linux-gnu/7.3.0/../../../../include/c++/7.3.0/backward
 /usr/lib/gcc/aarch64-linux-gnu/7.3.0/include
 /usr/local/include
 /usr/include
End of search list.
GNU C++14 (GCC) version 7.3.0 (aarch64-linux-gnu)
	compiled by GNU C version 7.3.0, GMP version 6.2.0, MPFR version 4.1.0, MPC version 1.2.0, isl version isl-0.16.1-GMP

GGC heuristics: --param ggc-min-expand=100 --param ggc-min-heapsize=131072
Compiler executable checksum: 879fa9984a142cc1eaf1552c056866ca
COLLECT_GCC_OPTIONS='-v' '-o' 'CMakeFiles/cmTC_5dd26.dir/CMakeCXXCompilerABI.cpp.o' '-c' '-shared-libgcc' '-mlittle-endian' '-mabi=lp64'
 as -v -EL -mabi=lp64 -o CMakeFiles/cmTC_5dd26.dir/CMakeCXXCompilerABI.cpp.o /tmp/ccK00Ndg.s
GNU assembler version 2.34 (aarch64-kylin-linux) using BFD version (GNU Binutils) 2.34
COMPILER_PATH=/usr/libexec/gcc/aarch64-linux-gnu/7.3.0/:/usr/libexec/gcc/aarch64-linux-gnu/7.3.0/:/usr/libexec/gcc/aarch64-linux-gnu/:/usr/lib/gcc/aarch64-linux-gnu/7.3.0/:/usr/lib/gcc/aarch64-linux-gnu/
LIBRARY_PATH=/usr/lib/gcc/aarch64-linux-gnu/7.3.0/:/usr/lib/gcc/aarch64-linux-gnu/7.3.0/../../../../lib64/:/lib/../lib64/:/usr/lib/../lib64/:/usr/lib/gcc/aarch64-linux-gnu/7.3.0/../../../:/lib/:/usr/lib/
COLLECT_GCC_OPTIONS='-v' '-o' 'CMakeFiles/cmTC_5dd26.dir/CMakeCXXCompilerABI.cpp.o' '-c' '-shared-libgcc' '-mlittle-endian' '-mabi=lp64'
Linking CXX executable cmTC_5dd26
/usr/bin/cmake -E cmake_link_script CMakeFiles/cmTC_5dd26.dir/link.txt --verbose=1
/usr/bin/c++      -v CMakeFiles/cmTC_5dd26.dir/CMakeCXXCompilerABI.cpp.o  -o cmTC_5dd26 
Using built-in specs.
COLLECT_GCC=/usr/bin/c++
COLLECT_LTO_WRAPPER=/usr/libexec/gcc/aarch64-linux-gnu/7.3.0/lto-wrapper
Target: aarch64-linux-gnu
Configured with: ../configure --prefix=/usr --mandir=/usr/share/man --infodir=/usr/share/info --enable-shared --enable-threads=posix --enable-checking=release --with-system-zlib --enable-__cxa_atexit --disable-libunwind-exceptions --enable-gnu-unique-object --enable-linker-build-id --with-linker-hash-style=gnu --enable-languages=c,c++,objc,obj-c++,fortran,lto --enable-plugin --enable-initfini-array --disable-libgcj --with-isl=/builddir/build/BUILD/gcc-7.3.0/obj-aarch64-linux-gnu/isl-install --without-cloog --enable-gnu-indirect-function --build=aarch64-linux-gnu --with-stage1-ldflags=' -Wl,-z,relro,-z,now' --with-boot-ldflags=' -Wl,-z,relro,-z,now' --enable-bolt --with-multilib-list=lp64
Thread model: posix
gcc version 7.3.0 (GCC) 
COMPILER_PATH=/usr/libexec/gcc/aarch64-linux-gnu/7.3.0/:/usr/libexec/gcc/aarch64-linux-gnu/7.3.0/:/usr/libexec/gcc/aarch64-linux-gnu/:/usr/lib/gcc/aarch64-linux-gnu/7.3.0/:/usr/lib/gcc/aarch64-linux-gnu/
LIBRARY_PATH=/usr/lib/gcc/aarch64-linux-gnu/7.3.0/:/usr/lib/gcc/aarch64-linux-gnu/7.3.0/../../../../lib64/:/lib/../lib64/:/usr/lib/../lib64/:/usr/lib/gcc/aarch64-linux-gnu/7.3.0/../../../:/lib/:/usr/lib/
COLLECT_GCC_OPTIONS='-v' '-o' 'cmTC_5dd26' '-shared-libgcc' '-mlittle-endian' '-mabi=lp64'
 /usr/libexec/gcc/aarch64-linux-gnu/7.3.0/collect2 -plugin /usr/libexec/gcc/aarch64-linux-gnu/7.3.0/liblto_plugin.so -plugin-opt=/usr/libexec/gcc/aarch64-linux-gnu/7.3.0/lto-wrapper -plugin-opt=-fresolution=/tmp/cc1piAfd.res -plugin-opt=-pass-through=-lgcc_s -plugin-opt=-pass-through=-lgcc -plugin-opt=-pass-through=-lc -plugin-opt=-pass-through=-lgcc_s -plugin-opt=-pass-through=-lgcc --build-id --eh-frame-hdr --hash-style=gnu -dynamic-linker /lib/ld-linux-aarch64.so.1 -X -EL -maarch64linux -o cmTC_5dd26 /usr/lib/gcc/aarch64-linux-gnu/7.3.0/../../../../lib64/crt1.o /usr/lib/gcc/aarch64-linux-gnu/7.3.0/../../../../lib64/crti.o /usr/lib/gcc/aarch64-linux-gnu/7.3.0/crtbegin.o -L/usr/lib/gcc/aarch64-linux-gnu/7.3.0 -L/usr/lib/gcc/aarch64-linux-gnu/7.3.0/../../../../lib64 -L/lib/../lib64 -L/usr/lib/../lib64 -L/usr/lib/gcc/aarch64-linux-gnu/7.3.0/../../.. CMakeFiles/cmTC_5dd26.dir/CMakeCXXCompilerABI.cpp.o -lstdc++ -lm -lgcc_s -lgcc -lc -lgcc_s -lgcc /usr/lib/gcc/aarch64-linux-gnu/7.3.0/crtend.o /usr/lib/gcc/aarch64-linux-gnu/7.3.0/../../../../lib64/crtn.o
COLLECT_GCC_OPTIONS='-v' '-o' 'cmTC_5dd26' '-shared-libgcc' '-mlittle-endian' '-mabi=lp64'
gmake[1]: Leaving directory '/opt/HQ/test_project/SigmoidCustom/SigmoidCustom/build_out/CMakeFiles/CMakeTmp'



Parsed CXX implicit include dir info from above output: rv=done
  found start of include info
  found start of implicit include info
    add: [/usr/lib/gcc/aarch64-linux-gnu/7.3.0/../../../../include/c++/7.3.0]
    add: [/usr/lib/gcc/aarch64-linux-gnu/7.3.0/../../../../include/c++/7.3.0/aarch64-linux-gnu]
    add: [/usr/lib/gcc/aarch64-linux-gnu/7.3.0/../../../../include/c++/7.3.0/backward]
    add: [/usr/lib/gcc/aarch64-linux-gnu/7.3.0/include]
    add: [/usr/local/include]
    add: [/usr/include]
  end of search list found
  collapse include dir [/usr/lib/gcc/aarch64-linux-gnu/7.3.0/../../../../include/c++/7.3.0] ==> [/usr/include/c++/7.3.0]
  collapse include dir [/usr/lib/gcc/aarch64-linux-gnu/7.3.0/../../../../include/c++/7.3.0/aarch64-linux-gnu] ==> [/usr/include/c++/7.3.0/aarch64-linux-gnu]
  collapse include dir [/usr/lib/gcc/aarch64-linux-gnu/7.3.0/../../../../include/c++/7.3.0/backward] ==> [/usr/include/c++/7.3.0/backward]
  collapse include dir [/usr/lib/gcc/aarch64-linux-gnu/7.3.0/include] ==> [/usr/lib/gcc/aarch64-linux-gnu/7.3.0/include]
  collapse include dir [/usr/local/include] ==> [/usr/local/include]
  collapse include dir [/usr/include] ==> [/usr/include]
  implicit include dirs: [/usr/include/c++/7.3.0;/usr/include/c++/7.3.0/aarch64-linux-gnu;/usr/include/c++/7.3.0/backward;/usr/lib/gcc/aarch64-linux-gnu/7.3.0/include;/usr/local/include;/usr/include]


Parsed CXX implicit link information from above output:
  link line regex: [^( *|.*[/\])(ld|CMAKE_LINK_STARTFILE-NOTFOUND|([^/\]+-)?ld|collect2)[^/\]*( |$)]
  ignore line: [Change Dir: /opt/HQ/test_project/SigmoidCustom/SigmoidCustom/build_out/CMakeFiles/CMakeTmp]
  ignore line: []
  ignore line: [Run Build Command(s):/usr/bin/gmake cmTC_5dd26/fast && /usr/bin/gmake -f CMakeFiles/cmTC_5dd26.dir/build.make CMakeFiles/cmTC_5dd26.dir/build]
  ignore line: [gmake[1]: Entering directory '/opt/HQ/test_project/SigmoidCustom/SigmoidCustom/build_out/CMakeFiles/CMakeTmp']
  ignore line: [Building CXX object CMakeFiles/cmTC_5dd26.dir/CMakeCXXCompilerABI.cpp.o]
  ignore line: [/usr/bin/c++    -v -o CMakeFiles/cmTC_5dd26.dir/CMakeCXXCompilerABI.cpp.o -c /usr/share/cmake/Modules/CMakeCXXCompilerABI.cpp]
  ignore line: [Using built-in specs.]
  ignore line: [COLLECT_GCC=/usr/bin/c++]
  ignore line: [Target: aarch64-linux-gnu]
  ignore line: [Configured with: ../configure --prefix=/usr --mandir=/usr/share/man --infodir=/usr/share/info --enable-shared --enable-threads=posix --enable-checking=release --with-system-zlib --enable-__cxa_atexit --disable-libunwind-exceptions --enable-gnu-unique-object --enable-linker-build-id --with-linker-hash-style=gnu --enable-languages=c,c++,objc,obj-c++,fortran,lto --enable-plugin --enable-initfini-array --disable-libgcj --with-isl=/builddir/build/BUILD/gcc-7.3.0/obj-aarch64-linux-gnu/isl-install --without-cloog --enable-gnu-indirect-function --build=aarch64-linux-gnu --with-stage1-ldflags=' -Wl,-z,relro,-z,now' --with-boot-ldflags=' -Wl,-z,relro,-z,now' --enable-bolt --with-multilib-list=lp64]
  ignore line: [Thread model: posix]
  ignore line: [gcc version 7.3.0 (GCC) ]
  ignore line: [COLLECT_GCC_OPTIONS='-v' '-o' 'CMakeFiles/cmTC_5dd26.dir/CMakeCXXCompilerABI.cpp.o' '-c' '-shared-libgcc' '-mlittle-endian' '-mabi=lp64']
  ignore line: [ /usr/libexec/gcc/aarch64-linux-gnu/7.3.0/cc1plus -quiet -v -D_GNU_SOURCE /usr/share/cmake/Modules/CMakeCXXCompilerABI.cpp -quiet -dumpbase CMakeCXXCompilerABI.cpp -mlittle-endian -mabi=lp64 -auxbase-strip CMakeFiles/cmTC_5dd26.dir/CMakeCXXCompilerABI.cpp.o -version -o /tmp/ccK00Ndg.s]
  ignore line: [GNU C++14 (GCC) version 7.3.0 (aarch64-linux-gnu)]
  ignore line: [	compiled by GNU C version 7.3.0  GMP version 6.2.0  MPFR version 4.1.0  MPC version 1.2.0  isl version isl-0.16.1-GMP]
  ignore line: []
  ignore line: [GGC heuristics: --param ggc-min-expand=100 --param ggc-min-heapsize=131072]
  ignore line: [ignoring nonexistent directory "/usr/lib/gcc/aarch64-linux-gnu/7.3.0/include-fixed"]
  ignore line: [ignoring nonexistent directory "/usr/lib/gcc/aarch64-linux-gnu/7.3.0/../../../../aarch64-linux-gnu/include"]
  ignore line: [#include "..." search starts here:]
  ignore line: [#include <...> search starts here:]
  ignore line: [ /usr/lib/gcc/aarch64-linux-gnu/7.3.0/../../../../include/c++/7.3.0]
  ignore line: [ /usr/lib/gcc/aarch64-linux-gnu/7.3.0/../../../../include/c++/7.3.0/aarch64-linux-gnu]
  ignore line: [ /usr/lib/gcc/aarch64-linux-gnu/7.3.0/../../../../include/c++/7.3.0/backward]
  ignore line: [ /usr/lib/gcc/aarch64-linux-gnu/7.3.0/include]
  ignore line: [ /usr/local/include]
  ignore line: [ /usr/include]
  ignore line: [End of search list.]
  ignore line: [GNU C++14 (GCC) version 7.3.0 (aarch64-linux-gnu)]
  ignore line: [	compiled by GNU C version 7.3.0  GMP version 6.2.0  MPFR version 4.1.0  MPC version 1.2.0  isl version isl-0.16.1-GMP]
  ignore line: []
  ignore line: [GGC heuristics: --param ggc-min-expand=100 --param ggc-min-heapsize=131072]
  ignore line: [Compiler executable checksum: 879fa9984a142cc1eaf1552c056866ca]
  ignore line: [COLLECT_GCC_OPTIONS='-v' '-o' 'CMakeFiles/cmTC_5dd26.dir/CMakeCXXCompilerABI.cpp.o' '-c' '-shared-libgcc' '-mlittle-endian' '-mabi=lp64']
  ignore line: [ as -v -EL -mabi=lp64 -o CMakeFiles/cmTC_5dd26.dir/CMakeCXXCompilerABI.cpp.o /tmp/ccK00Ndg.s]
  ignore line: [GNU assembler version 2.34 (aarch64-kylin-linux) using BFD version (GNU Binutils) 2.34]
  ignore line: [COMPILER_PATH=/usr/libexec/gcc/aarch64-linux-gnu/7.3.0/:/usr/libexec/gcc/aarch64-linux-gnu/7.3.0/:/usr/libexec/gcc/aarch64-linux-gnu/:/usr/lib/gcc/aarch64-linux-gnu/7.3.0/:/usr/lib/gcc/aarch64-linux-gnu/]
  ignore line: [LIBRARY_PATH=/usr/lib/gcc/aarch64-linux-gnu/7.3.0/:/usr/lib/gcc/aarch64-linux-gnu/7.3.0/../../../../lib64/:/lib/../lib64/:/usr/lib/../lib64/:/usr/lib/gcc/aarch64-linux-gnu/7.3.0/../../../:/lib/:/usr/lib/]
  ignore line: [COLLECT_GCC_OPTIONS='-v' '-o' 'CMakeFiles/cmTC_5dd26.dir/CMakeCXXCompilerABI.cpp.o' '-c' '-shared-libgcc' '-mlittle-endian' '-mabi=lp64']
  ignore line: [Linking CXX executable cmTC_5dd26]
  ignore line: [/usr/bin/cmake -E cmake_link_script CMakeFiles/cmTC_5dd26.dir/link.txt --verbose=1]
  ignore line: [/usr/bin/c++      -v CMakeFiles/cmTC_5dd26.dir/CMakeCXXCompilerABI.cpp.o  -o cmTC_5dd26 ]
  ignore line: [Using built-in specs.]
  ignore line: [COLLECT_GCC=/usr/bin/c++]
  ignore line: [COLLECT_LTO_WRAPPER=/usr/libexec/gcc/aarch64-linux-gnu/7.3.0/lto-wrapper]
  ignore line: [Target: aarch64-linux-gnu]
  ignore line: [Configured with: ../configure --prefix=/usr --mandir=/usr/share/man --infodir=/usr/share/info --enable-shared --enable-threads=posix --enable-checking=release --with-system-zlib --enable-__cxa_atexit --disable-libunwind-exceptions --enable-gnu-unique-object --enable-linker-build-id --with-linker-hash-style=gnu --enable-languages=c,c++,objc,obj-c++,fortran,lto --enable-plugin --enable-initfini-array --disable-libgcj --with-isl=/builddir/build/BUILD/gcc-7.3.0/obj-aarch64-linux-gnu/isl-install --without-cloog --enable-gnu-indirect-function --build=aarch64-linux-gnu --with-stage1-ldflags=' -Wl,-z,relro,-z,now' --with-boot-ldflags=' -Wl,-z,relro,-z,now' --enable-bolt --with-multilib-list=lp64]
  ignore line: [Thread model: posix]
  ignore line: [gcc version 7.3.0 (GCC) ]
  ignore line: [COMPILER_PATH=/usr/libexec/gcc/aarch64-linux-gnu/7.3.0/:/usr/libexec/gcc/aarch64-linux-gnu/7.3.0/:/usr/libexec/gcc/aarch64-linux-gnu/:/usr/lib/gcc/aarch64-linux-gnu/7.3.0/:/usr/lib/gcc/aarch64-linux-gnu/]
  ignore line: [LIBRARY_PATH=/usr/lib/gcc/aarch64-linux-gnu/7.3.0/:/usr/lib/gcc/aarch64-linux-gnu/7.3.0/../../../../lib64/:/lib/../lib64/:/usr/lib/../lib64/:/usr/lib/gcc/aarch64-linux-gnu/7.3.0/../../../:/lib/:/usr/lib/]
  ignore line: [COLLECT_GCC_OPTIONS='-v' '-o' 'cmTC_5dd26' '-shared-libgcc' '-mlittle-endian' '-mabi=lp64']
  link line: [ /usr/libexec/gcc/aarch64-linux-gnu/7.3.0/collect2 -plugin /usr/libexec/gcc/aarch64-linux-gnu/7.3.0/liblto_plugin.so -plugin-opt=/usr/libexec/gcc/aarch64-linux-gnu/7.3.0/lto-wrapper -plugin-opt=-fresolution=/tmp/cc1piAfd.res -plugin-opt=-pass-through=-lgcc_s -plugin-opt=-pass-through=-lgcc -plugin-opt=-pass-through=-lc -plugin-opt=-pass-through=-lgcc_s -plugin-opt=-pass-through=-lgcc --build-id --eh-frame-hdr --hash-style=gnu -dynamic-linker /lib/ld-linux-aarch64.so.1 -X -EL -maarch64linux -o cmTC_5dd26 /usr/lib/gcc/aarch64-linux-gnu/7.3.0/../../../../lib64/crt1.o /usr/lib/gcc/aarch64-linux-gnu/7.3.0/../../../../lib64/crti.o /usr/lib/gcc/aarch64-linux-gnu/7.3.0/crtbegin.o -L/usr/lib/gcc/aarch64-linux-gnu/7.3.0 -L/usr/lib/gcc/aarch64-linux-gnu/7.3.0/../../../../lib64 -L/lib/../lib64 -L/usr/lib/../lib64 -L/usr/lib/gcc/aarch64-linux-gnu/7.3.0/../../.. CMakeFiles/cmTC_5dd26.dir/CMakeCXXCompilerABI.cpp.o -lstdc++ -lm -lgcc_s -lgcc -lc -lgcc_s -lgcc /usr/lib/gcc/aarch64-linux-gnu/7.3.0/crtend.o /usr/lib/gcc/aarch64-linux-gnu/7.3.0/../../../../lib64/crtn.o]
    arg [/usr/libexec/gcc/aarch64-linux-gnu/7.3.0/collect2] ==> ignore
    arg [-plugin] ==> ignore
    arg [/usr/libexec/gcc/aarch64-linux-gnu/7.3.0/liblto_plugin.so] ==> ignore
    arg [-plugin-opt=/usr/libexec/gcc/aarch64-linux-gnu/7.3.0/lto-wrapper] ==> ignore
    arg [-plugin-opt=-fresolution=/tmp/cc1piAfd.res] ==> ignore
    arg [-plugin-opt=-pass-through=-lgcc_s] ==> ignore
    arg [-plugin-opt=-pass-through=-lgcc] ==> ignore
    arg [-plugin-opt=-pass-through=-lc] ==> ignore
    arg [-plugin-opt=-pass-through=-lgcc_s] ==> ignore
    arg [-plugin-opt=-pass-through=-lgcc] ==> ignore
    arg [--build-id] ==> ignore
    arg [--eh-frame-hdr] ==> ignore
    arg [--hash-style=gnu] ==> ignore
    arg [-dynamic-linker] ==> ignore
    arg [/lib/ld-linux-aarch64.so.1] ==> ignore
    arg [-X] ==> ignore
    arg [-EL] ==> ignore
    arg [-maarch64linux] ==> ignore
    arg [-o] ==> ignore
    arg [cmTC_5dd26] ==> ignore
    arg [/usr/lib/gcc/aarch64-linux-gnu/7.3.0/../../../../lib64/crt1.o] ==> ignore
    arg [/usr/lib/gcc/aarch64-linux-gnu/7.3.0/../../../../lib64/crti.o] ==> ignore
    arg [/usr/lib/gcc/aarch64-linux-gnu/7.3.0/crtbegin.o] ==> ignore
    arg [-L/usr/lib/gcc/aarch64-linux-gnu/7.3.0] ==> dir [/usr/lib/gcc/aarch64-linux-gnu/7.3.0]
    arg [-L/usr/lib/gcc/aarch64-linux-gnu/7.3.0/../../../../lib64] ==> dir [/usr/lib/gcc/aarch64-linux-gnu/7.3.0/../../../../lib64]
    arg [-L/lib/../lib64] ==> dir [/lib/../lib64]
    arg [-L/usr/lib/../lib64] ==> dir [/usr/lib/../lib64]
    arg [-L/usr/lib/gcc/aarch64-linux-gnu/7.3.0/../../..] ==> dir [/usr/lib/gcc/aarch64-linux-gnu/7.3.0/../../..]
    arg [CMakeFiles/cmTC_5dd26.dir/CMakeCXXCompilerABI.cpp.o] ==> ignore
    arg [-lstdc++] ==> lib [stdc++]
    arg [-lm] ==> lib [m]
    arg [-lgcc_s] ==> lib [gcc_s]
    arg [-lgcc] ==> lib [gcc]
    arg [-lc] ==> lib [c]
    arg [-lgcc_s] ==> lib [gcc_s]
    arg [-lgcc] ==> lib [gcc]
    arg [/usr/lib/gcc/aarch64-linux-gnu/7.3.0/crtend.o] ==> ignore
    arg [/usr/lib/gcc/aarch64-linux-gnu/7.3.0/../../../../lib64/crtn.o] ==> ignore
  collapse library dir [/usr/lib/gcc/aarch64-linux-gnu/7.3.0] ==> [/usr/lib/gcc/aarch64-linux-gnu/7.3.0]
  collapse library dir [/usr/lib/gcc/aarch64-linux-gnu/7.3.0/../../../../lib64] ==> [/usr/lib64]
  collapse library dir [/lib/../lib64] ==> [/lib64]
  collapse library dir [/usr/lib/../lib64] ==> [/usr/lib64]
  collapse library dir [/usr/lib/gcc/aarch64-linux-gnu/7.3.0/../../..] ==> [/usr/lib]
  implicit libs: [stdc++;m;gcc_s;gcc;c;gcc_s;gcc]
  implicit dirs: [/usr/lib/gcc/aarch64-linux-gnu/7.3.0;/usr/lib64;/lib64;/usr/lib]
  implicit fwks: []


